Comment Removal Log - Thu May  8 08:33:15 EDT 2025
Project directory: .
----------------------------------------
Scanning directory: .
Processing: ./frontend/cypress/e2e/newsletter.spec.ts (ts)
  Comments removed: 2612 bytes (27%)
Processing: ./frontend/cypress/e2e/navigation.spec.ts (ts)
  Comments removed: 1512 bytes (18%)
Processing: ./frontend/cypress/e2e/home.spec.ts (ts)
  Comments removed: 1026 bytes (24%)
Processing: ./frontend/tailwind.config.js (js)
  Comments removed: 185 bytes (6%)
Processing: ./frontend/jest.config.js (js)
  Comments removed: 54 bytes (15%)
Processing: ./frontend/.next/types/app/join/page.ts (ts)
  Comments removed: 616 bytes (16%)
Processing: ./frontend/.next/types/app/page.ts (ts)
  Comments removed: 611 bytes (16%)
Processing: ./frontend/.next/types/app/layout.ts (ts)
  Comments removed: 613 bytes (16%)
Processing: ./frontend/.next/types/cache-life.d.ts (ts)
  Comments removed: 4724 bytes (80%)
Processing: ./frontend/.next/server/next-font-manifest.js (js)
  No comments removed
Processing: ./frontend/.next/server/interception-route-rewrite-manifest.js (js)
  No comments removed
Processing: ./frontend/.next/server/server-reference-manifest.js (js)
  No comments removed
Processing: ./frontend/.next/server/app/favicon.ico/route.js (js)
  Comments removed: 94336 bytes (94%)
Processing: ./frontend/.next/server/app/join/page.js (js)
  Comments removed: 238369 bytes (78%)
Processing: ./frontend/.next/server/app/join/page_client-reference-manifest.js (js)
  No comments removed
Processing: ./frontend/.next/server/app/page.js (js)
  Comments removed: 406804 bytes (92%)
Processing: ./frontend/.next/server/app/page_client-reference-manifest.js (js)
  No comments removed
Processing: ./frontend/.next/server/app/_not-found/page.js (js)
  Comments removed: 143218 bytes (83%)
Processing: ./frontend/.next/server/app/_not-found/page_client-reference-manifest.js (js)
  No comments removed
Processing: ./frontend/.next/server/middleware-react-loadable-manifest.js (js)
  No comments removed
Processing: ./frontend/.next/server/webpack-runtime.js (js)
  Comments removed: 4066 bytes (46%)
Processing: ./frontend/.next/server/vendor-chunks/zen-observable-ts.js (js)
  Comments removed: 81455 bytes (94%)
Processing: ./frontend/.next/server/vendor-chunks/optimism.js (js)
  Comments removed: 104897 bytes (92%)
Processing: ./frontend/.next/server/vendor-chunks/tslib.js (js)
  Comments removed: 64543 bytes (64%)
Processing: ./frontend/.next/server/vendor-chunks/@swc.js (js)
  Comments removed: 9913 bytes (70%)
Processing: ./frontend/.next/server/vendor-chunks/graphql-tag.js (js)
  Comments removed: 23529 bytes (85%)
Processing: ./frontend/.next/server/vendor-chunks/graphql.js (js)
  Comments removed: 683233 bytes (91%)
Processing: ./frontend/.next/server/vendor-chunks/@wry.js (js)
  Comments removed: 135757 bytes (88%)
Processing: ./frontend/.next/server/vendor-chunks/next.js (js)
  Comments removed: 6476770 bytes (90%)
Processing: ./frontend/.next/server/vendor-chunks/@apollo.js (js)
  Comments removed: 3069401 bytes (91%)
Processing: ./frontend/.next/server/vendor-chunks/rehackt.js (js)
  Comments removed: 4449 bytes (94%)
Processing: ./frontend/.next/server/vendor-chunks/ts-invariant.js (js)
  Comments removed: 11769 bytes (83%)
Processing: ./frontend/.next/server/middleware-build-manifest.js (js)
  No comments removed
Processing: ./frontend/.next/static/development/_ssgManifest.js (js)
  No comments removed
Processing: ./frontend/.next/static/development/_buildManifest.js (js)
  No comments removed
Processing: ./frontend/.next/static/webpack/webpack.9ed5b3ab5d492144.hot-update.js (js)
  Comments removed: 668 bytes (79%)
Processing: ./frontend/.next/static/webpack/webpack.07afb3143a81921d.hot-update.js (js)
  Comments removed: 668 bytes (79%)
Processing: ./frontend/.next/static/webpack/webpack.b30237d45c21b77c.hot-update.js (js)
  Comments removed: 668 bytes (79%)
Processing: ./frontend/.next/static/webpack/webpack.84383b3bfc5f9f2d.hot-update.js (js)
  Comments removed: 668 bytes (79%)
Processing: ./frontend/.next/static/webpack/app/layout.07afb3143a81921d.hot-update.js (js)
  Comments removed: 1464 bytes (76%)
Processing: ./frontend/.next/static/webpack/app/layout.b30237d45c21b77c.hot-update.js (js)
  Comments removed: 1464 bytes (76%)
Processing: ./frontend/.next/static/webpack/app/layout.444460dc5e03865f.hot-update.js (js)
  Comments removed: 1464 bytes (76%)
Processing: ./frontend/.next/static/webpack/app/layout.9ceef7732fcb7585.hot-update.js (js)
  Comments removed: 1464 bytes (76%)
Processing: ./frontend/.next/static/webpack/webpack.444460dc5e03865f.hot-update.js (js)
  Comments removed: 668 bytes (79%)
Processing: ./frontend/.next/static/webpack/webpack.9ceef7732fcb7585.hot-update.js (js)
  Comments removed: 668 bytes (79%)
Processing: ./frontend/.next/static/chunks/webpack.js (js)
  Comments removed: 16047 bytes (28%)
Processing: ./frontend/.next/static/chunks/main-app.js (js)
  Comments removed: 6206707 bytes (93%)
Processing: ./frontend/.next/static/chunks/app-pages-internals.js (js)
  Comments removed: 205428 bytes (88%)
Processing: ./frontend/.next/static/chunks/app/layout.js (js)
  Comments removed: 222494 bytes (91%)
Processing: ./frontend/.next/static/chunks/app/join/page.js (js)
  Comments removed: 151894 bytes (93%)
Processing: ./frontend/.next/static/chunks/app/page.js (js)
  Comments removed: 151894 bytes (93%)
Processing: ./frontend/.next/static/chunks/app/loading.js (js)
  Comments removed: 967 bytes (58%)
Processing: ./frontend/.next/static/chunks/app/error.js (js)
  Comments removed: 51032 bytes (86%)
Processing: ./frontend/.next/static/chunks/app/_not-found/page.js (js)
  Comments removed: 21054 bytes (85%)
Processing: ./frontend/.next/static/chunks/polyfills.js (js)
  Comments removed: 109658 bytes (97%)
Processing: ./frontend/.next/static/chunks/_app-pages-browser_node_modules_apollo_client-react-streaming_dist_SimulatePreloadedQuery_cc_js.js (js)
  Comments removed: 2125887 bytes (90%)
Processing: ./frontend/next-env.d.ts (ts)
  Comments removed: 206 bytes (97%)
Processing: ./frontend/setupTests.ts (ts)
  No comments removed
Processing: ./frontend/postcss.config.js (js)
  No comments removed
Processing: ./frontend/eslint.config.mjs (mjs)
  No comments removed
Processing: ./frontend/next.config.ts (ts)
  Comments removed: 25 bytes (18%)
Processing: ./frontend/cypress.config.ts (ts)
  Comments removed: 22 bytes (6%)
Processing: ./frontend/src/app/contact/ContactForm.tsx (tsx)
  Comments removed: 460 bytes (6%)
Processing: ./frontend/src/app/contact/page.tsx (tsx)
  Comments removed: 183 bytes (1%)
Processing: ./frontend/src/app/what-we-stand-for/page.tsx (tsx)
  Comments removed: 333 bytes (4%)
Processing: ./frontend/src/app/commmittees/page.tsx (tsx)
  Comments removed: 109 bytes (1%)
Processing: ./frontend/src/app/calendar/page.tsx (tsx)
  Comments removed: 564 bytes (12%)
Processing: ./frontend/src/app/calendar/EventCalendar.tsx (tsx)
  Comments removed: 511 bytes (5%)
Processing: ./frontend/src/app/join/page.tsx (tsx)
  Comments removed: 225 bytes (1%)
Processing: ./frontend/src/app/bylaws/page.tsx (tsx)
  Comments removed: 132 bytes (1%)
Processing: ./frontend/src/app/ud-ydsa/page.tsx (tsx)
  Comments removed: 238 bytes (1%)
Processing: ./frontend/src/app/about/page.tsx (tsx)
  Comments removed: 294 bytes (1%)
Processing: ./frontend/src/app/layout.tsx (tsx)
  Comments removed: 47 bytes (4%)
Processing: ./frontend/src/app/error.tsx (tsx)
  No comments removed
Processing: ./frontend/src/app/api/contact/route.ts (ts)
  Comments removed: 319 bytes (31%)
Processing: ./frontend/src/app/api/revalidate/route.ts (ts)
  Comments removed: 104 bytes (7%)
Processing: ./frontend/src/app/loading.tsx (tsx)
  No comments removed
Processing: ./frontend/src/app/newsletter/NewsletterCategoryFilter.tsx (tsx)
  Comments removed: 133 bytes (7%)
Processing: ./frontend/src/app/newsletter/page.tsx (tsx)
  Comments removed: 357 bytes (4%)
Processing: ./frontend/src/app/newsletter/[slug]/page.tsx (tsx)
  Comments removed: 784 bytes (6%)
Processing: ./frontend/src/app/leadership/LeadershipCard.tsx (tsx)
  Comments removed: 110 bytes (4%)
Processing: ./frontend/src/app/leadership/page.tsx (tsx)
  Comments removed: 81 bytes (1%)
Processing: ./frontend/src/app/page.tsx (tsx)
  Comments removed: 1195 bytes (3%)
Processing: ./frontend/src/components/ui/Button.tsx (tsx)
  Comments removed: 113 bytes (6%)
Processing: ./frontend/src/components/NewsletterSignup.tsx (tsx)
  Comments removed: 74 bytes (1%)
Processing: ./frontend/src/components/SEO.tsx (tsx)
  No comments removed
Processing: ./frontend/src/components/Footer.tsx (tsx)
  Comments removed: 298 bytes (4%)
Processing: ./frontend/src/components/__tests__/NewsletterSignup.test.tsx (tsx)
  Comments removed: 875 bytes (12%)
Processing: ./frontend/src/components/__tests__/Footer.test.tsx (tsx)
  Comments removed: 1041 bytes (15%)
Processing: ./frontend/src/components/__tests__/Header.test.tsx (tsx)
  Comments removed: 932 bytes (21%)
Processing: ./frontend/src/components/__tests__/ContacForm.test.tsx (tsx)
  Comments removed: 1085 bytes (13%)
Processing: ./frontend/src/components/Header.tsx (tsx)
  Comments removed: 225 bytes (5%)
Processing: ./frontend/src/components/ErrorBoundary.tsx (tsx)
  Comments removed: 46 bytes (2%)
Processing: ./frontend/src/hooks/useNewsletterSubscription.ts (ts)
  Comments removed: 328 bytes (20%)
Processing: ./frontend/src/lib/apollo-client.ts (ts)
  Comments removed: 454 bytes (19%)
Processing: ./.lintstagedrc.js (js)
  No comments removed
Processing: ./eslint.config.mjs (mjs)
  Comments removed: 288 bytes (22%)
Processing: ./frontend/node_modules/flatted/php/flatted.php (php)
  Comments removed: 857 bytes (18%)
Processing: ./node_modules/flatted/php/flatted.php (php)
  Comments removed: 857 bytes (18%)
Processing: ./backend/setup-scripts/register-acf-fields.php (php)
  Comments removed: 106 bytes (14%)
Processing: ./backend/setup-scripts/custom-post-types.php (php)
  Comments removed: 60 bytes (5%)
Processing: ./backend/wp-config-additions.php (php)
  Comments removed: 197 bytes (25%)
Processing: ./backend/wp-content/plugins/delaware-dsa-graphql/delaware-dsa-graphql.php (php)
  Comments removed: 199 bytes (14%)
Processing: ./frontend/.next/static/css/app/layout.css (css)
  Comments removed: 6904 bytes (10%)
Processing: ./frontend/src/app/globals.css (css)
  Comments removed: 228 bytes (9%)
Processing: ./.husky/_/husky.sh (sh)
  Comments removed: 17 bytes (2%)
Processing: ./frontend/node_modules/chrome-launcher/scripts/download-chrome.sh (sh)
  Comments removed: 640 bytes (57%)
Processing: ./frontend/node_modules/chrome-launcher/scripts/format.sh (sh)
  Comments removed: 19 bytes (16%)
Processing: ./frontend/node_modules/jake/bin/bash_completion.sh (sh)
  Comments removed: 398 bytes (28%)
Processing: ./frontend/node_modules/damerau-levenshtein/scripts/update-changelog.sh (sh)
  Comments removed: 146 bytes (37%)
Processing: ./frontend/node_modules/exit/test/fixtures/create-files.sh (sh)
  Comments removed: 19 bytes (9%)
Processing: ./frontend/node_modules/lighthouse/core/scripts/download-chrome.sh (sh)
  Comments removed: 400 bytes (14%)
Processing: ./frontend/node_modules/lighthouse/node_modules/chrome-launcher/scripts/download-chrome.sh (sh)
  Comments removed: 640 bytes (57%)
Processing: ./frontend/node_modules/lighthouse/node_modules/chrome-launcher/scripts/format.sh (sh)
  Comments removed: 19 bytes (16%)
Processing: ./node_modules/husky/husky.sh (sh)
  Comments removed: 17 bytes (2%)
Processing: ./backend/migrations/migrate-db.sh (sh)
  Comments removed: 191 bytes (15%)
Processing: ./backend/setup-wp.sh (sh)
  Comments removed: 240 bytes (13%)
Processing: ./comment-remover.sh (sh)
  Comments removed: 897 bytes (19%)
Processing: ./frontend/.env.production (env)
  Comments removed: 116 bytes (36%)
Processing: ./frontend/.env.local (env)
  Comments removed: 116 bytes (37%)
Processing: ./frontend/.env (env)
  Comments removed: 20 bytes (47%)
Processing: ./frontend/.env.development (env)
  Comments removed: 77 bytes (32%)
----------------------------------------
Comment removal completed on Thu May  8 08:33:26 EDT 2025
